     1                                 %line 1+1 if_else.asm
     2                                 [segment .data]
     3 00000000 6400000000000000       a dq 100
     4 00000008 C800000000000000       b dq 200
     5 00000010 0000000000000000       max dq 0
     6                                 [segment .text]
     7                                 [global main]
     8                                 main:
     9 00000000 55                      push rbp
    10 00000001 4889E5                  mov rbp, rsp
    11                                 
    12 00000004 488B0425[00000000]      mov rax, [a]
    13 0000000C 488B1C25[00000000]      mov rbx, [b]
    14 00000014 4839D8                  cmp rax, rbx
    15 00000017 7D08                    jnl else
    16 00000019 48891C25[00000000]      mov [max], rbx
    17 00000021 EB06                    jmp endif
    18 00000023 48890425[00000000]     else: mov [max], rax
    19 0000002B 31C0                   endif: xor eax, eax
    20 0000002D C9                      leave
    21 0000002E C3                      ret
    22                                 
    23                                 
    24                                 
    25                                 
