     1                                 %line 1+1 switch.asm
     2                                 
     3                                 [segment .data]
     4 00000000 [0000000000000000]     switch: dq case0
     5 00000008 [0000000000000000]      dq case1
     6 00000010 [0000000000000000]      dq case2
     7 00000018 [0000000000000000]      dq case3
     8                                 
     9 00000020 0200000000000000       i: dq 2
    10                                 
    11                                 [segment .text]
    12                                 [global main]
    13                                 [extern scanf]
    14                                 [extern printf]
    15                                 
    16                                 main:
    17 00000000 55                      push rbp
    18 00000001 4889E5                  mov rbp,rsp
    19 00000004 4883EC10                sub rsp,16
    20                                 
    21 00000008 488B0425[00000000]      mov rax,[i]
    22 00000010 488D1425[00000000]      lea rdx,[switch]
    23 00000018 FF24C2                  jmp [rdx+rax*8]
    24                                 
    25                                 case0:
    26 0000001B 48C7C364000000          mov rbx,100
    27 00000022 EB19                    jmp end
    28                                 case1:
    29 00000024 48C7C365000000          mov rbx,101
    30 0000002B EB10                    jmp end
    31                                 case2:
    32 0000002D 48C7C366000000          mov rbx,102
    33 00000034 EB07                    jmp end
    34                                 case3:
    35 00000036 48C7C567000000          mov rbp,103
    36 0000003D EBFE                    jmp end
    37                                 end:
    38 0000003F 31C0                    xor eax,eax
    39 00000041 C9                      leave
    40 00000042 C3                      ret
    41                                 
    42                                 
    43                                 
    44                                 
